0 info it worked if it ends with ok
1 verbose cli [ 'node',
1 verbose cli   '/nfs/zfs-student-5/users/2013_paris/tseguier/.brew/bin/npm',
1 verbose cli   'install' ]
2 info using npm@2.7.6
3 info using node@v0.12.2
4 verbose node symlink /nfs/zfs-student-5/users/2013_paris/tseguier/.brew/bin/node
5 verbose readDependencies loading dependencies from /Volumes/Data/nfs/zfs-student-5/users/2013_paris/tseguier/mobileproj/mobileapp/www/package.json
6 error install Couldn't read dependencies
7 verbose stack Error: ENOENT, open '/Volumes/Data/nfs/zfs-student-5/users/2013_paris/tseguier/mobileproj/mobileapp/www/package.json'
7 verbose stack     at Error (native)
8 verbose cwd /Volumes/Data/nfs/zfs-student-5/users/2013_paris/tseguier/mobileproj/mobileapp/www
9 error Darwin 14.3.0
10 error argv "node" "/nfs/zfs-student-5/users/2013_paris/tseguier/.brew/bin/npm" "install"
11 error node v0.12.2
12 error npm  v2.7.6
13 error path /Volumes/Data/nfs/zfs-student-5/users/2013_paris/tseguier/mobileproj/mobileapp/www/package.json
14 error code ENOPACKAGEJSON
15 error errno -2
16 error package.json ENOENT, open '/Volumes/Data/nfs/zfs-student-5/users/2013_paris/tseguier/mobileproj/mobileapp/www/package.json'
16 error package.json This is most likely not a problem with npm itself.
16 error package.json npm can't find a package.json file in your current directory.
17 verbose exit [ -2, true ]
